cost time : 4.429
1 -1 
2 -1 
3 -1 
4 -1 
5 -1 
6 -1 
7 -1 
8 -1 
9 -1 
10 -1 
11 -1 
12 -1 
13 -1 
14 -1 
15 -1 
16 -1 
17 -1 
18 -1 
19 -1 
20 -1 
21 -1 
22 -1 
23 -1 
24 -1 
25 -1 
26 -1 
27 -1 
28 -1 
29 -1 
30 -1 
31 -1 
32 -1 
33 -1 
34 -1 
35 -1 
36 -1 
37 -1 
38 -1 
39 -1 
40 -1 
41 -1 
42 -1 
43 -1 
44 -1 
45 -1 
46 -1 
47 -1 
48 -1 
49 -1 
50 -1 
51 -1 
52 -1 
53 -1 
54 -1 
55 -1 
56 -1 
57 -1 
58 -1 
78 -1 
79 -1 
110 -1 
113 -1 
117 -1 
118 -1 
132 -1 
133 -1 
139 -1 
143 -1 
144 -1 
149 -1 
245 -1 
246 -1 
253 -1 
246 -1 253 -1 
245 -1 246 -1 
245 -1 253 -1 
245 -1 246 -1 253 -1 
149 -1 253 -1 
144 -1 245 -1 
144 -1 246 -1 
144 -1 253 -1 
144 -1 246 -1 253 -1 
144 -1 245 -1 253 -1 
143 -1 144 -1 
143 -1 149 -1 
143 -1 245 -1 
143 -1 246 -1 
143 -1 253 -1 
143 -1 246 -1 253 -1 
143 -1 245 -1 246 -1 
143 -1 245 -1 253 -1 
143 -1 144 -1 245 -1 
143 -1 144 -1 246 -1 
143 -1 144 -1 253 -1 
143 -1 144 -1 245 -1 253 -1 
139 -1 143 -1 
139 -1 144 -1 
139 -1 245 -1 
139 -1 253 -1 
139 -1 245 -1 253 -1 
139 -1 143 -1 144 -1 
139 -1 143 -1 245 -1 
139 -1 143 -1 253 -1 
139 -1 143 -1 245 -1 253 -1 
133 -1 143 -1 
133 -1 245 -1 
133 -1 253 -1 
133 -1 143 -1 253 -1 
132 -1 143 -1 
132 -1 144 -1 
132 -1 245 -1 
132 -1 253 -1 
132 -1 245 -1 253 -1 
132 -1 143 -1 245 -1 
132 -1 143 -1 253 -1 
118 -1 132 -1 
118 -1 139 -1 
118 -1 143 -1 
118 -1 144 -1 
118 -1 245 -1 
118 -1 246 -1 
118 -1 253 -1 
118 -1 246 -1 253 -1 
118 -1 245 -1 253 -1 
118 -1 144 -1 245 -1 
118 -1 144 -1 253 -1 
118 -1 144 -1 245 -1 253 -1 
118 -1 143 -1 144 -1 
118 -1 143 -1 245 -1 
118 -1 143 -1 246 -1 
118 -1 143 -1 253 -1 
118 -1 143 -1 245 -1 253 -1 
118 -1 143 -1 144 -1 245 -1 
118 -1 143 -1 144 -1 253 -1 
118 -1 139 -1 143 -1 
118 -1 139 -1 144 -1 
118 -1 139 -1 253 -1 
118 -1 139 -1 143 -1 253 -1 
117 -1 118 -1 
117 -1 132 -1 
117 -1 133 -1 
117 -1 139 -1 
117 -1 143 -1 
117 -1 144 -1 
117 -1 149 -1 
117 -1 245 -1 
117 -1 246 -1 
117 -1 253 -1 
117 -1 246 -1 253 -1 
117 -1 245 -1 253 -1 
117 -1 144 -1 245 -1 
117 -1 144 -1 253 -1 
117 -1 144 -1 245 -1 253 -1 
117 -1 143 -1 144 -1 
117 -1 143 -1 149 -1 
117 -1 143 -1 245 -1 
117 -1 143 -1 246 -1 
117 -1 143 -1 253 -1 
117 -1 143 -1 246 -1 253 -1 
117 -1 143 -1 245 -1 253 -1 
117 -1 143 -1 144 -1 245 -1 
117 -1 143 -1 144 -1 253 -1 
117 -1 143 -1 144 -1 245 -1 253 -1 
117 -1 139 -1 143 -1 
117 -1 139 -1 144 -1 
117 -1 139 -1 245 -1 
117 -1 139 -1 253 -1 
117 -1 139 -1 143 -1 144 -1 
117 -1 139 -1 143 -1 245 -1 
117 -1 139 -1 143 -1 253 -1 
117 -1 133 -1 143 -1 
117 -1 133 -1 253 -1 
117 -1 133 -1 143 -1 253 -1 
117 -1 132 -1 143 -1 
117 -1 132 -1 253 -1 
117 -1 118 -1 139 -1 
117 -1 118 -1 143 -1 
117 -1 118 -1 144 -1 
117 -1 118 -1 245 -1 
117 -1 118 -1 246 -1 
117 -1 118 -1 253 -1 
117 -1 118 -1 245 -1 253 -1 
117 -1 118 -1 144 -1 245 -1 
117 -1 118 -1 144 -1 253 -1 
117 -1 118 -1 143 -1 144 -1 
117 -1 118 -1 143 -1 245 -1 
117 -1 118 -1 143 -1 253 -1 
117 -1 118 -1 143 -1 245 -1 253 -1 
117 -1 118 -1 143 -1 144 -1 253 -1 
117 -1 118 -1 139 -1 143 -1 
113 -1 117 -1 
113 -1 133 -1 
113 -1 143 -1 
113 -1 245 -1 
113 -1 253 -1 
113 -1 143 -1 253 -1 
113 -1 133 -1 143 -1 
113 -1 133 -1 253 -1 
113 -1 117 -1 143 -1 
113 -1 117 -1 253 -1 
113 -1 117 -1 143 -1 253 -1 
110 -1 117 -1 
110 -1 118 -1 
110 -1 139 -1 
110 -1 143 -1 
110 -1 144 -1 
110 -1 245 -1 
110 -1 253 -1 
110 -1 245 -1 253 -1 
110 -1 144 -1 253 -1 
110 -1 143 -1 144 -1 
110 -1 143 -1 245 -1 
110 -1 143 -1 253 -1 
110 -1 143 -1 245 -1 253 -1 
110 -1 143 -1 144 -1 253 -1 
110 -1 139 -1 143 -1 
110 -1 139 -1 144 -1 
110 -1 139 -1 245 -1 
110 -1 139 -1 253 -1 
110 -1 139 -1 143 -1 245 -1 
110 -1 139 -1 143 -1 253 -1 
110 -1 118 -1 139 -1 
110 -1 118 -1 143 -1 
110 -1 118 -1 144 -1 
110 -1 118 -1 245 -1 
110 -1 118 -1 253 -1 
110 -1 118 -1 143 -1 144 -1 
110 -1 118 -1 143 -1 253 -1 
110 -1 118 -1 139 -1 143 -1 
110 -1 117 -1 118 -1 
110 -1 117 -1 139 -1 
110 -1 117 -1 143 -1 
110 -1 117 -1 144 -1 
110 -1 117 -1 245 -1 
110 -1 117 -1 253 -1 
110 -1 117 -1 245 -1 253 -1 
110 -1 117 -1 143 -1 144 -1 
110 -1 117 -1 143 -1 245 -1 
110 -1 117 -1 143 -1 253 -1 
110 -1 117 -1 139 -1 143 -1 
110 -1 117 -1 139 -1 253 -1 
110 -1 117 -1 139 -1 143 -1 253 -1 
110 -1 117 -1 118 -1 143 -1 
110 -1 117 -1 118 -1 253 -1 
79 -1 117 -1 
79 -1 143 -1 
79 -1 245 -1 
79 -1 253 -1 
79 -1 143 -1 253 -1 
79 -1 117 -1 143 -1 
79 -1 117 -1 253 -1 
79 -1 117 -1 143 -1 253 -1 
78 -1 79 -1 
78 -1 117 -1 
78 -1 143 -1 
78 -1 245 -1 
78 -1 246 -1 
78 -1 253 -1 
78 -1 245 -1 253 -1 
78 -1 143 -1 253 -1 
78 -1 117 -1 143 -1 
78 -1 117 -1 253 -1 
78 -1 117 -1 143 -1 253 -1 
78 -1 79 -1 117 -1 
78 -1 79 -1 143 -1 
78 -1 79 -1 253 -1 
78 -1 79 -1 143 -1 253 -1 
54 -1 253 -1 
53 -1 143 -1 
53 -1 245 -1 
53 -1 253 -1 
53 -1 143 -1 253 -1 
52 -1 253 -1 
50 -1 253 -1 
48 -1 253 -1 
47 -1 253 -1 
46 -1 253 -1 
45 -1 253 -1 
44 -1 143 -1 
44 -1 253 -1 
43 -1 253 -1 
42 -1 253 -1 
41 -1 143 -1 
41 -1 245 -1 
41 -1 253 -1 
41 -1 143 -1 253 -1 
40 -1 253 -1 
39 -1 253 -1 
38 -1 253 -1 
37 -1 143 -1 
37 -1 253 -1 
36 -1 78 -1 
36 -1 110 -1 
36 -1 113 -1 
36 -1 117 -1 
36 -1 118 -1 
36 -1 133 -1 
36 -1 139 -1 
36 -1 143 -1 
36 -1 144 -1 
36 -1 245 -1 
36 -1 246 -1 
36 -1 253 -1 
36 -1 246 -1 253 -1 
36 -1 245 -1 253 -1 
36 -1 144 -1 245 -1 
36 -1 144 -1 253 -1 
36 -1 143 -1 144 -1 
36 -1 143 -1 245 -1 
36 -1 143 -1 246 -1 
36 -1 143 -1 253 -1 
36 -1 143 -1 245 -1 253 -1 
36 -1 143 -1 144 -1 253 -1 
36 -1 139 -1 143 -1 
36 -1 118 -1 143 -1 
36 -1 118 -1 144 -1 
36 -1 118 -1 245 -1 
36 -1 118 -1 253 -1 
36 -1 118 -1 143 -1 144 -1 
36 -1 118 -1 143 -1 253 -1 
36 -1 117 -1 118 -1 
36 -1 117 -1 143 -1 
36 -1 117 -1 144 -1 
36 -1 117 -1 245 -1 
36 -1 117 -1 253 -1 
36 -1 117 -1 245 -1 253 -1 
36 -1 117 -1 143 -1 144 -1 
36 -1 117 -1 143 -1 245 -1 
36 -1 117 -1 143 -1 253 -1 
36 -1 117 -1 143 -1 245 -1 253 -1 
36 -1 117 -1 118 -1 143 -1 
36 -1 117 -1 118 -1 253 -1 
36 -1 110 -1 117 -1 
36 -1 110 -1 143 -1 
36 -1 110 -1 253 -1 
36 -1 110 -1 143 -1 253 -1 
36 -1 110 -1 117 -1 143 -1 
36 -1 78 -1 253 -1 
35 -1 36 -1 
35 -1 78 -1 
35 -1 79 -1 
35 -1 110 -1 
35 -1 113 -1 
35 -1 117 -1 
35 -1 118 -1 
35 -1 133 -1 
35 -1 139 -1 
35 -1 143 -1 
35 -1 144 -1 
35 -1 245 -1 
35 -1 246 -1 
35 -1 253 -1 
35 -1 246 -1 253 -1 
35 -1 245 -1 253 -1 
35 -1 144 -1 245 -1 
35 -1 144 -1 253 -1 
35 -1 143 -1 144 -1 
35 -1 143 -1 245 -1 
35 -1 143 -1 246 -1 
35 -1 143 -1 253 -1 
35 -1 143 -1 246 -1 253 -1 
35 -1 143 -1 245 -1 253 -1 
35 -1 143 -1 144 -1 245 -1 
35 -1 143 -1 144 -1 253 -1 
35 -1 139 -1 143 -1 
35 -1 139 -1 253 -1 
35 -1 139 -1 143 -1 253 -1 
35 -1 133 -1 143 -1 
35 -1 133 -1 253 -1 
35 -1 118 -1 143 -1 
35 -1 118 -1 144 -1 
35 -1 118 -1 245 -1 
35 -1 118 -1 253 -1 
35 -1 118 -1 245 -1 253 -1 
35 -1 118 -1 144 -1 253 -1 
35 -1 118 -1 143 -1 144 -1 
35 -1 118 -1 143 -1 245 -1 
35 -1 118 -1 143 -1 253 -1 
35 -1 117 -1 118 -1 
35 -1 117 -1 139 -1 
35 -1 117 -1 143 -1 
35 -1 117 -1 144 -1 
35 -1 117 -1 245 -1 
35 -1 117 -1 246 -1 
35 -1 117 -1 253 -1 
35 -1 117 -1 245 -1 253 -1 
35 -1 117 -1 144 -1 253 -1 
35 -1 117 -1 143 -1 144 -1 
35 -1 117 -1 143 -1 245 -1 
35 -1 117 -1 143 -1 253 -1 
35 -1 117 -1 143 -1 245 -1 253 -1 
35 -1 117 -1 143 -1 144 -1 253 -1 
35 -1 117 -1 139 -1 143 -1 
35 -1 117 -1 118 -1 143 -1 
35 -1 117 -1 118 -1 245 -1 
35 -1 117 -1 118 -1 253 -1 
35 -1 117 -1 118 -1 143 -1 253 -1 
35 -1 113 -1 143 -1 
35 -1 113 -1 253 -1 
35 -1 110 -1 117 -1 
35 -1 110 -1 118 -1 
35 -1 110 -1 139 -1 
35 -1 110 -1 143 -1 
35 -1 110 -1 245 -1 
35 -1 110 -1 253 -1 
35 -1 110 -1 143 -1 253 -1 
35 -1 110 -1 139 -1 143 -1 
35 -1 110 -1 117 -1 143 -1 
35 -1 110 -1 117 -1 253 -1 
35 -1 110 -1 117 -1 143 -1 253 -1 
35 -1 79 -1 253 -1 
35 -1 78 -1 79 -1 
35 -1 78 -1 117 -1 
35 -1 78 -1 143 -1 
35 -1 78 -1 253 -1 
35 -1 78 -1 143 -1 253 -1 
35 -1 36 -1 117 -1 
35 -1 36 -1 143 -1 
35 -1 36 -1 144 -1 
35 -1 36 -1 245 -1 
35 -1 36 -1 253 -1 
35 -1 36 -1 245 -1 253 -1 
35 -1 36 -1 143 -1 245 -1 
35 -1 36 -1 143 -1 253 -1 
35 -1 36 -1 117 -1 143 -1 
35 -1 36 -1 117 -1 253 -1 
35 -1 36 -1 117 -1 143 -1 253 -1 
34 -1 253 -1 
33 -1 253 -1 
32 -1 143 -1 
32 -1 253 -1 
31 -1 35 -1 
31 -1 117 -1 
31 -1 143 -1 
31 -1 245 -1 
31 -1 246 -1 
31 -1 253 -1 
31 -1 245 -1 253 -1 
31 -1 143 -1 253 -1 
31 -1 117 -1 143 -1 
30 -1 253 -1 
29 -1 143 -1 
29 -1 245 -1 
29 -1 253 -1 
28 -1 35 -1 
28 -1 117 -1 
28 -1 143 -1 
28 -1 245 -1 
28 -1 253 -1 
28 -1 245 -1 253 -1 
28 -1 143 -1 253 -1 
28 -1 117 -1 143 -1 
28 -1 117 -1 253 -1 
28 -1 117 -1 143 -1 253 -1 
28 -1 35 -1 253 -1 
27 -1 35 -1 
27 -1 36 -1 
27 -1 110 -1 
27 -1 117 -1 
27 -1 118 -1 
27 -1 132 -1 
27 -1 143 -1 
27 -1 144 -1 
27 -1 245 -1 
27 -1 246 -1 
27 -1 253 -1 
27 -1 246 -1 253 -1 
27 -1 245 -1 253 -1 
27 -1 144 -1 245 -1 
27 -1 144 -1 253 -1 
27 -1 143 -1 144 -1 
27 -1 143 -1 245 -1 
27 -1 143 -1 246 -1 
27 -1 143 -1 253 -1 
27 -1 143 -1 245 -1 253 -1 
27 -1 143 -1 144 -1 253 -1 
27 -1 132 -1 253 -1 
27 -1 118 -1 143 -1 
27 -1 118 -1 253 -1 
27 -1 118 -1 143 -1 253 -1 
27 -1 117 -1 118 -1 
27 -1 117 -1 143 -1 
27 -1 117 -1 144 -1 
27 -1 117 -1 245 -1 
27 -1 117 -1 253 -1 
27 -1 117 -1 245 -1 253 -1 
27 -1 117 -1 143 -1 144 -1 
27 -1 117 -1 143 -1 245 -1 
27 -1 117 -1 143 -1 253 -1 
27 -1 35 -1 253 -1 
26 -1 27 -1 
26 -1 28 -1 
26 -1 29 -1 
26 -1 31 -1 
26 -1 35 -1 
26 -1 36 -1 
26 -1 41 -1 
26 -1 78 -1 
26 -1 79 -1 
26 -1 110 -1 
26 -1 113 -1 
26 -1 117 -1 
26 -1 118 -1 
26 -1 132 -1 
26 -1 133 -1 
26 -1 139 -1 
26 -1 143 -1 
26 -1 144 -1 
26 -1 245 -1 
26 -1 246 -1 
26 -1 253 -1 
26 -1 246 -1 253 -1 
26 -1 245 -1 246 -1 
26 -1 245 -1 253 -1 
26 -1 144 -1 245 -1 
26 -1 144 -1 246 -1 
26 -1 144 -1 253 -1 
26 -1 144 -1 245 -1 253 -1 
26 -1 143 -1 144 -1 
26 -1 143 -1 245 -1 
26 -1 143 -1 246 -1 
26 -1 143 -1 253 -1 
26 -1 143 -1 246 -1 253 -1 
26 -1 143 -1 245 -1 253 -1 
26 -1 143 -1 144 -1 245 -1 
26 -1 143 -1 144 -1 253 -1 
26 -1 143 -1 144 -1 245 -1 253 -1 
26 -1 139 -1 143 -1 
26 -1 139 -1 253 -1 
26 -1 139 -1 143 -1 253 -1 
26 -1 133 -1 143 -1 
26 -1 133 -1 253 -1 
26 -1 132 -1 143 -1 
26 -1 132 -1 253 -1 
26 -1 118 -1 143 -1 
26 -1 118 -1 144 -1 
26 -1 118 -1 245 -1 
26 -1 118 -1 253 -1 
26 -1 118 -1 245 -1 253 -1 
26 -1 118 -1 144 -1 253 -1 
26 -1 118 -1 143 -1 144 -1 
26 -1 118 -1 143 -1 245 -1 
26 -1 118 -1 143 -1 253 -1 
26 -1 118 -1 143 -1 144 -1 253 -1 
26 -1 117 -1 118 -1 
26 -1 117 -1 139 -1 
26 -1 117 -1 143 -1 
26 -1 117 -1 144 -1 
26 -1 117 -1 245 -1 
26 -1 117 -1 246 -1 
26 -1 117 -1 253 -1 
26 -1 117 -1 246 -1 253 -1 
26 -1 117 -1 245 -1 253 -1 
26 -1 117 -1 144 -1 245 -1 
26 -1 117 -1 144 -1 253 -1 
26 -1 117 -1 143 -1 144 -1 
26 -1 117 -1 143 -1 245 -1 
26 -1 117 -1 143 -1 246 -1 
26 -1 117 -1 143 -1 253 -1 
26 -1 117 -1 143 -1 245 -1 253 -1 
26 -1 117 -1 143 -1 144 -1 253 -1 
26 -1 117 -1 139 -1 143 -1 
26 -1 117 -1 118 -1 143 -1 
26 -1 117 -1 118 -1 144 -1 
26 -1 117 -1 118 -1 245 -1 
26 -1 117 -1 118 -1 253 -1 
26 -1 117 -1 118 -1 143 -1 144 -1 
26 -1 117 -1 118 -1 143 -1 253 -1 
26 -1 110 -1 117 -1 
26 -1 110 -1 118 -1 
26 -1 110 -1 139 -1 
26 -1 110 -1 143 -1 
26 -1 110 -1 245 -1 
26 -1 110 -1 253 -1 
26 -1 110 -1 143 -1 245 -1 
26 -1 110 -1 143 -1 253 -1 
26 -1 110 -1 139 -1 143 -1 
26 -1 110 -1 117 -1 143 -1 
26 -1 110 -1 117 -1 253 -1 
26 -1 110 -1 117 -1 143 -1 253 -1 
26 -1 79 -1 253 -1 
26 -1 78 -1 143 -1 
26 -1 78 -1 253 -1 
26 -1 36 -1 143 -1 
26 -1 36 -1 245 -1 
26 -1 36 -1 253 -1 
26 -1 36 -1 143 -1 253 -1 
26 -1 35 -1 36 -1 
26 -1 35 -1 117 -1 
26 -1 35 -1 143 -1 
26 -1 35 -1 144 -1 
26 -1 35 -1 245 -1 
26 -1 35 -1 246 -1 
26 -1 35 -1 253 -1 
26 -1 35 -1 245 -1 253 -1 
26 -1 35 -1 143 -1 245 -1 
26 -1 35 -1 143 -1 253 -1 
26 -1 35 -1 117 -1 143 -1 
26 -1 35 -1 117 -1 253 -1 
26 -1 31 -1 253 -1 
26 -1 27 -1 117 -1 
26 -1 27 -1 143 -1 
26 -1 27 -1 144 -1 
26 -1 27 -1 245 -1 
26 -1 27 -1 253 -1 
26 -1 27 -1 245 -1 253 -1 
26 -1 27 -1 143 -1 245 -1 
26 -1 27 -1 143 -1 253 -1 
26 -1 27 -1 117 -1 143 -1 
26 -1 27 -1 117 -1 253 -1 
26 -1 27 -1 117 -1 143 -1 253 -1 
25 -1 253 -1 
24 -1 253 -1 
23 -1 117 -1 
23 -1 143 -1 
23 -1 245 -1 
23 -1 253 -1 
23 -1 245 -1 253 -1 
23 -1 143 -1 245 -1 
23 -1 143 -1 253 -1 
23 -1 117 -1 143 -1 
23 -1 117 -1 253 -1 
22 -1 26 -1 
22 -1 27 -1 
22 -1 35 -1 
22 -1 117 -1 
22 -1 118 -1 
22 -1 143 -1 
22 -1 144 -1 
22 -1 245 -1 
22 -1 246 -1 
22 -1 253 -1 
22 -1 246 -1 253 -1 
22 -1 245 -1 253 -1 
22 -1 144 -1 253 -1 
22 -1 143 -1 144 -1 
22 -1 143 -1 245 -1 
22 -1 143 -1 253 -1 
22 -1 143 -1 245 -1 253 -1 
22 -1 117 -1 143 -1 
22 -1 117 -1 253 -1 
22 -1 117 -1 143 -1 253 -1 
22 -1 26 -1 143 -1 
22 -1 26 -1 253 -1 
21 -1 253 -1 
20 -1 26 -1 
20 -1 117 -1 
20 -1 143 -1 
20 -1 245 -1 
20 -1 253 -1 
20 -1 245 -1 253 -1 
20 -1 143 -1 253 -1 
20 -1 117 -1 143 -1 
19 -1 117 -1 
19 -1 143 -1 
19 -1 245 -1 
19 -1 253 -1 
19 -1 245 -1 253 -1 
19 -1 143 -1 253 -1 
18 -1 19 -1 
18 -1 22 -1 
18 -1 23 -1 
18 -1 26 -1 
18 -1 27 -1 
18 -1 28 -1 
18 -1 35 -1 
18 -1 36 -1 
18 -1 110 -1 
18 -1 117 -1 
18 -1 118 -1 
18 -1 132 -1 
18 -1 133 -1 
18 -1 139 -1 
18 -1 143 -1 
18 -1 144 -1 
18 -1 245 -1 
18 -1 246 -1 
18 -1 253 -1 
18 -1 246 -1 253 -1 
18 -1 245 -1 253 -1 
18 -1 144 -1 245 -1 
18 -1 144 -1 253 -1 
18 -1 143 -1 144 -1 
18 -1 143 -1 245 -1 
18 -1 143 -1 246 -1 
18 -1 143 -1 253 -1 
18 -1 143 -1 245 -1 253 -1 
18 -1 143 -1 144 -1 253 -1 
18 -1 118 -1 143 -1 
18 -1 118 -1 144 -1 
18 -1 118 -1 245 -1 
18 -1 118 -1 253 -1 
18 -1 118 -1 143 -1 253 -1 
18 -1 117 -1 118 -1 
18 -1 117 -1 143 -1 
18 -1 117 -1 144 -1 
18 -1 117 -1 245 -1 
18 -1 117 -1 253 -1 
18 -1 117 -1 245 -1 253 -1 
18 -1 117 -1 143 -1 144 -1 
18 -1 117 -1 143 -1 245 -1 
18 -1 117 -1 143 -1 253 -1 
18 -1 117 -1 143 -1 245 -1 253 -1 
18 -1 117 -1 118 -1 143 -1 
18 -1 117 -1 118 -1 253 -1 
18 -1 110 -1 143 -1 
18 -1 110 -1 253 -1 
18 -1 36 -1 143 -1 
18 -1 36 -1 253 -1 
18 -1 35 -1 117 -1 
18 -1 35 -1 143 -1 
18 -1 35 -1 245 -1 
18 -1 35 -1 253 -1 
18 -1 35 -1 143 -1 253 -1 
18 -1 27 -1 143 -1 
18 -1 27 -1 253 -1 
18 -1 26 -1 117 -1 
18 -1 26 -1 143 -1 
18 -1 26 -1 245 -1 
18 -1 26 -1 253 -1 
18 -1 26 -1 143 -1 253 -1 
18 -1 22 -1 253 -1 
17 -1 1 -1 
17 -1 6 -1 
17 -1 7 -1 
17 -1 12 -1 
17 -1 15 -1 
17 -1 16 -1 
17 -1 18 -1 
17 -1 19 -1 
17 -1 20 -1 
17 -1 21 -1 
17 -1 22 -1 
17 -1 23 -1 
17 -1 24 -1 
17 -1 25 -1 
17 -1 26 -1 
17 -1 27 -1 
17 -1 28 -1 
17 -1 29 -1 
17 -1 30 -1 
17 -1 31 -1 
17 -1 32 -1 
17 -1 33 -1 
17 -1 34 -1 
17 -1 35 -1 
17 -1 36 -1 
17 -1 37 -1 
17 -1 38 -1 
17 -1 39 -1 
17 -1 41 -1 
17 -1 45 -1 
17 -1 78 -1 
17 -1 79 -1 
17 -1 110 -1 
17 -1 113 -1 
17 -1 117 -1 
17 -1 118 -1 
17 -1 132 -1 
17 -1 133 -1 
17 -1 139 -1 
17 -1 143 -1 
17 -1 144 -1 
17 -1 149 -1 
17 -1 245 -1 
17 -1 246 -1 
17 -1 253 -1 
17 -1 246 -1 253 -1 
17 -1 245 -1 246 -1 
17 -1 245 -1 253 -1 
17 -1 144 -1 245 -1 
17 -1 144 -1 253 -1 
17 -1 144 -1 245 -1 253 -1 
17 -1 143 -1 144 -1 
17 -1 143 -1 149 -1 
17 -1 143 -1 245 -1 
17 -1 143 -1 246 -1 
17 -1 143 -1 253 -1 
17 -1 143 -1 246 -1 253 -1 
17 -1 143 -1 245 -1 253 -1 
17 -1 143 -1 144 -1 245 -1 
17 -1 143 -1 144 -1 253 -1 
17 -1 143 -1 144 -1 245 -1 253 -1 
17 -1 139 -1 143 -1 
17 -1 139 -1 245 -1 
17 -1 139 -1 253 -1 
17 -1 139 -1 143 -1 253 -1 
17 -1 133 -1 143 -1 
17 -1 133 -1 253 -1 
17 -1 133 -1 143 -1 253 -1 
17 -1 132 -1 143 -1 
17 -1 132 -1 253 -1 
17 -1 118 -1 143 -1 
17 -1 118 -1 144 -1 
17 -1 118 -1 245 -1 
17 -1 118 -1 253 -1 
17 -1 118 -1 245 -1 253 -1 
17 -1 118 -1 144 -1 253 -1 
17 -1 118 -1 143 -1 144 -1 
17 -1 118 -1 143 -1 245 -1 
17 -1 118 -1 143 -1 253 -1 
17 -1 118 -1 143 -1 144 -1 253 -1 
17 -1 117 -1 118 -1 
17 -1 117 -1 133 -1 
17 -1 117 -1 139 -1 
17 -1 117 -1 143 -1 
17 -1 117 -1 144 -1 
17 -1 117 -1 245 -1 
17 -1 117 -1 246 -1 
17 -1 117 -1 253 -1 
17 -1 117 -1 246 -1 253 -1 
17 -1 117 -1 245 -1 253 -1 
17 -1 117 -1 144 -1 245 -1 
17 -1 117 -1 144 -1 253 -1 
17 -1 117 -1 143 -1 144 -1 
17 -1 117 -1 143 -1 245 -1 
17 -1 117 -1 143 -1 246 -1 
17 -1 117 -1 143 -1 253 -1 
17 -1 117 -1 143 -1 245 -1 253 -1 
17 -1 117 -1 143 -1 144 -1 253 -1 
17 -1 117 -1 139 -1 143 -1 
17 -1 117 -1 139 -1 253 -1 
17 -1 117 -1 133 -1 143 -1 
17 -1 117 -1 118 -1 143 -1 
17 -1 117 -1 118 -1 144 -1 
17 -1 117 -1 118 -1 245 -1 
17 -1 117 -1 118 -1 253 -1 
17 -1 117 -1 118 -1 143 -1 144 -1 
17 -1 117 -1 118 -1 143 -1 245 -1 
17 -1 117 -1 118 -1 143 -1 253 -1 
17 -1 113 -1 117 -1 
17 -1 113 -1 143 -1 
17 -1 113 -1 253 -1 
17 -1 113 -1 143 -1 253 -1 
17 -1 113 -1 117 -1 143 -1 
17 -1 113 -1 117 -1 253 -1 
17 -1 110 -1 117 -1 
17 -1 110 -1 118 -1 
17 -1 110 -1 139 -1 
17 -1 110 -1 143 -1 
17 -1 110 -1 245 -1 
17 -1 110 -1 253 -1 
17 -1 110 -1 143 -1 245 -1 
17 -1 110 -1 143 -1 253 -1 
17 -1 110 -1 139 -1 143 -1 
17 -1 110 -1 117 -1 139 -1 
17 -1 110 -1 117 -1 143 -1 
17 -1 110 -1 117 -1 245 -1 
17 -1 110 -1 117 -1 253 -1 
17 -1 110 -1 117 -1 143 -1 253 -1 
17 -1 110 -1 117 -1 139 -1 143 -1 
17 -1 79 -1 143 -1 
17 -1 79 -1 253 -1 
17 -1 78 -1 79 -1 
17 -1 78 -1 117 -1 
17 -1 78 -1 143 -1 
17 -1 78 -1 253 -1 
17 -1 78 -1 143 -1 253 -1 
17 -1 36 -1 117 -1 
17 -1 36 -1 143 -1 
17 -1 36 -1 245 -1 
17 -1 36 -1 253 -1 
17 -1 36 -1 245 -1 253 -1 
17 -1 36 -1 143 -1 245 -1 
17 -1 36 -1 143 -1 253 -1 
17 -1 36 -1 117 -1 143 -1 
17 -1 36 -1 117 -1 253 -1 
17 -1 35 -1 36 -1 
17 -1 35 -1 78 -1 
17 -1 35 -1 110 -1 
17 -1 35 -1 117 -1 
17 -1 35 -1 118 -1 
17 -1 35 -1 143 -1 
17 -1 35 -1 144 -1 
17 -1 35 -1 245 -1 
17 -1 35 -1 246 -1 
17 -1 35 -1 253 -1 
17 -1 35 -1 246 -1 253 -1 
17 -1 35 -1 245 -1 253 -1 
17 -1 35 -1 143 -1 144 -1 
17 -1 35 -1 143 -1 245 -1 
17 -1 35 -1 143 -1 253 -1 
17 -1 35 -1 143 -1 245 -1 253 -1 
17 -1 35 -1 117 -1 143 -1 
17 -1 35 -1 117 -1 245 -1 
17 -1 35 -1 117 -1 253 -1 
17 -1 35 -1 117 -1 143 -1 253 -1 
17 -1 35 -1 36 -1 143 -1 
17 -1 35 -1 36 -1 253 -1 
17 -1 31 -1 253 -1 
17 -1 28 -1 253 -1 
17 -1 27 -1 117 -1 
17 -1 27 -1 143 -1 
17 -1 27 -1 245 -1 
17 -1 27 -1 253 -1 
17 -1 27 -1 245 -1 253 -1 
17 -1 27 -1 143 -1 253 -1 
17 -1 26 -1 27 -1 
17 -1 26 -1 35 -1 
17 -1 26 -1 36 -1 
17 -1 26 -1 110 -1 
17 -1 26 -1 117 -1 
17 -1 26 -1 118 -1 
17 -1 26 -1 143 -1 
17 -1 26 -1 144 -1 
17 -1 26 -1 245 -1 
17 -1 26 -1 246 -1 
17 -1 26 -1 253 -1 
17 -1 26 -1 246 -1 253 -1 
17 -1 26 -1 245 -1 253 -1 
17 -1 26 -1 144 -1 253 -1 
17 -1 26 -1 143 -1 144 -1 
17 -1 26 -1 143 -1 245 -1 
17 -1 26 -1 143 -1 253 -1 
17 -1 26 -1 143 -1 245 -1 253 -1 
17 -1 26 -1 118 -1 253 -1 
17 -1 26 -1 117 -1 143 -1 
17 -1 26 -1 117 -1 245 -1 
17 -1 26 -1 117 -1 253 -1 
17 -1 26 -1 117 -1 143 -1 245 -1 
17 -1 26 -1 117 -1 143 -1 253 -1 
17 -1 26 -1 35 -1 143 -1 
17 -1 26 -1 35 -1 253 -1 
17 -1 26 -1 27 -1 253 -1 
17 -1 23 -1 253 -1 
17 -1 22 -1 143 -1 
17 -1 22 -1 245 -1 
17 -1 22 -1 253 -1 
17 -1 20 -1 253 -1 
17 -1 19 -1 253 -1 
17 -1 18 -1 26 -1 
17 -1 18 -1 27 -1 
17 -1 18 -1 35 -1 
17 -1 18 -1 117 -1 
17 -1 18 -1 118 -1 
17 -1 18 -1 143 -1 
17 -1 18 -1 144 -1 
17 -1 18 -1 245 -1 
17 -1 18 -1 246 -1 
17 -1 18 -1 253 -1 
17 -1 18 -1 245 -1 253 -1 
17 -1 18 -1 144 -1 253 -1 
17 -1 18 -1 143 -1 144 -1 
17 -1 18 -1 143 -1 245 -1 
17 -1 18 -1 143 -1 253 -1 
17 -1 18 -1 143 -1 245 -1 253 -1 
17 -1 18 -1 117 -1 143 -1 
17 -1 18 -1 117 -1 245 -1 
17 -1 18 -1 117 -1 253 -1 
17 -1 18 -1 117 -1 143 -1 253 -1 
17 -1 18 -1 35 -1 253 -1 
16 -1 143 -1 
16 -1 253 -1 
15 -1 143 -1 
15 -1 245 -1 
15 -1 253 -1 
15 -1 245 -1 253 -1 
15 -1 143 -1 253 -1 
14 -1 35 -1 
14 -1 117 -1 
14 -1 143 -1 
14 -1 245 -1 
14 -1 253 -1 
14 -1 245 -1 253 -1 
14 -1 143 -1 245 -1 
14 -1 143 -1 253 -1 
14 -1 117 -1 143 -1 
13 -1 17 -1 
13 -1 18 -1 
13 -1 26 -1 
13 -1 27 -1 
13 -1 35 -1 
13 -1 36 -1 
13 -1 117 -1 
13 -1 143 -1 
13 -1 144 -1 
13 -1 245 -1 
13 -1 246 -1 
13 -1 253 -1 
13 -1 246 -1 253 -1 
13 -1 245 -1 253 -1 
13 -1 143 -1 144 -1 
13 -1 143 -1 245 -1 
13 -1 143 -1 253 -1 
13 -1 143 -1 245 -1 253 -1 
13 -1 117 -1 143 -1 
13 -1 117 -1 245 -1 
13 -1 117 -1 253 -1 
13 -1 117 -1 143 -1 253 -1 
13 -1 35 -1 253 -1 
13 -1 26 -1 253 -1 
13 -1 17 -1 143 -1 
13 -1 17 -1 253 -1 
12 -1 143 -1 
12 -1 245 -1 
12 -1 253 -1 
11 -1 17 -1 
11 -1 26 -1 
11 -1 35 -1 
11 -1 117 -1 
11 -1 143 -1 
11 -1 144 -1 
11 -1 245 -1 
11 -1 246 -1 
11 -1 253 -1 
11 -1 245 -1 253 -1 
11 -1 143 -1 245 -1 
11 -1 143 -1 253 -1 
11 -1 117 -1 143 -1 
11 -1 117 -1 253 -1 
11 -1 117 -1 143 -1 253 -1 
10 -1 13 -1 
10 -1 17 -1 
10 -1 18 -1 
10 -1 19 -1 
10 -1 22 -1 
10 -1 26 -1 
10 -1 27 -1 
10 -1 35 -1 
10 -1 36 -1 
10 -1 78 -1 
10 -1 117 -1 
10 -1 118 -1 
10 -1 143 -1 
10 -1 144 -1 
10 -1 245 -1 
10 -1 246 -1 
10 -1 253 -1 
10 -1 246 -1 253 -1 
10 -1 245 -1 253 -1 
10 -1 144 -1 253 -1 
10 -1 143 -1 144 -1 
10 -1 143 -1 245 -1 
10 -1 143 -1 253 -1 
10 -1 143 -1 245 -1 253 -1 
10 -1 118 -1 143 -1 
10 -1 118 -1 253 -1 
10 -1 117 -1 143 -1 
10 -1 117 -1 245 -1 
10 -1 117 -1 253 -1 
10 -1 117 -1 143 -1 245 -1 
10 -1 117 -1 143 -1 253 -1 
10 -1 36 -1 253 -1 
10 -1 35 -1 143 -1 
10 -1 35 -1 253 -1 
10 -1 26 -1 143 -1 
10 -1 26 -1 253 -1 
10 -1 17 -1 35 -1 
10 -1 17 -1 117 -1 
10 -1 17 -1 143 -1 
10 -1 17 -1 253 -1 
10 -1 17 -1 143 -1 253 -1 
9 -1 10 -1 
9 -1 11 -1 
9 -1 13 -1 
9 -1 14 -1 
9 -1 15 -1 
9 -1 16 -1 
9 -1 17 -1 
9 -1 18 -1 
9 -1 19 -1 
9 -1 20 -1 
9 -1 22 -1 
9 -1 23 -1 
9 -1 24 -1 
9 -1 26 -1 
9 -1 27 -1 
9 -1 28 -1 
9 -1 29 -1 
9 -1 30 -1 
9 -1 31 -1 
9 -1 32 -1 
9 -1 34 -1 
9 -1 35 -1 
9 -1 36 -1 
9 -1 39 -1 
9 -1 41 -1 
9 -1 45 -1 
9 -1 53 -1 
9 -1 78 -1 
9 -1 79 -1 
9 -1 110 -1 
9 -1 113 -1 
9 -1 117 -1 
9 -1 118 -1 
9 -1 132 -1 
9 -1 133 -1 
9 -1 139 -1 
9 -1 143 -1 
9 -1 144 -1 
9 -1 245 -1 
9 -1 246 -1 
9 -1 253 -1 
9 -1 246 -1 253 -1 
9 -1 245 -1 246 -1 
9 -1 245 -1 253 -1 
9 -1 144 -1 245 -1 
9 -1 144 -1 253 -1 
9 -1 144 -1 245 -1 253 -1 
9 -1 143 -1 144 -1 
9 -1 143 -1 245 -1 
9 -1 143 -1 246 -1 
9 -1 143 -1 253 -1 
9 -1 143 -1 246 -1 253 -1 
9 -1 143 -1 245 -1 253 -1 
9 -1 143 -1 144 -1 245 -1 
9 -1 143 -1 144 -1 253 -1 
9 -1 139 -1 143 -1 
9 -1 139 -1 253 -1 
9 -1 139 -1 143 -1 253 -1 
9 -1 133 -1 143 -1 
9 -1 133 -1 253 -1 
9 -1 132 -1 253 -1 
9 -1 118 -1 143 -1 
9 -1 118 -1 144 -1 
9 -1 118 -1 245 -1 
9 -1 118 -1 253 -1 
9 -1 118 -1 245 -1 253 -1 
9 -1 118 -1 144 -1 253 -1 
9 -1 118 -1 143 -1 144 -1 
9 -1 118 -1 143 -1 245 -1 
9 -1 118 -1 143 -1 253 -1 
9 -1 117 -1 118 -1 
9 -1 117 -1 139 -1 
9 -1 117 -1 143 -1 
9 -1 117 -1 144 -1 
9 -1 117 -1 245 -1 
9 -1 117 -1 246 -1 
9 -1 117 -1 253 -1 
9 -1 117 -1 246 -1 253 -1 
9 -1 117 -1 245 -1 253 -1 
9 -1 117 -1 144 -1 253 -1 
9 -1 117 -1 143 -1 144 -1 
9 -1 117 -1 143 -1 245 -1 
9 -1 117 -1 143 -1 246 -1 
9 -1 117 -1 143 -1 253 -1 
9 -1 117 -1 143 -1 245 -1 253 -1 
9 -1 117 -1 143 -1 144 -1 253 -1 
9 -1 117 -1 139 -1 143 -1 
9 -1 117 -1 118 -1 143 -1 
9 -1 117 -1 118 -1 144 -1 
9 -1 117 -1 118 -1 245 -1 
9 -1 117 -1 118 -1 253 -1 
9 -1 117 -1 118 -1 143 -1 253 -1 
9 -1 113 -1 143 -1 
9 -1 113 -1 253 -1 
9 -1 110 -1 117 -1 
9 -1 110 -1 143 -1 
9 -1 110 -1 253 -1 
9 -1 110 -1 143 -1 253 -1 
9 -1 110 -1 117 -1 143 -1 
9 -1 110 -1 117 -1 253 -1 
9 -1 79 -1 253 -1 
9 -1 78 -1 143 -1 
9 -1 78 -1 253 -1 
9 -1 78 -1 143 -1 253 -1 
9 -1 36 -1 117 -1 
9 -1 36 -1 143 -1 
9 -1 36 -1 245 -1 
9 -1 36 -1 253 -1 
9 -1 36 -1 143 -1 253 -1 
9 -1 36 -1 117 -1 143 -1 
9 -1 36 -1 117 -1 253 -1 
9 -1 35 -1 36 -1 
9 -1 35 -1 117 -1 
9 -1 35 -1 143 -1 
9 -1 35 -1 144 -1 
9 -1 35 -1 245 -1 
9 -1 35 -1 253 -1 
9 -1 35 -1 245 -1 253 -1 
9 -1 35 -1 143 -1 253 -1 
9 -1 35 -1 117 -1 143 -1 
9 -1 35 -1 117 -1 253 -1 
9 -1 35 -1 117 -1 143 -1 253 -1 
9 -1 35 -1 36 -1 253 -1 
9 -1 31 -1 253 -1 
9 -1 28 -1 253 -1 
9 -1 27 -1 143 -1 
9 -1 27 -1 245 -1 
9 -1 27 -1 253 -1 
9 -1 27 -1 143 -1 253 -1 
9 -1 26 -1 27 -1 
9 -1 26 -1 35 -1 
9 -1 26 -1 117 -1 
9 -1 26 -1 118 -1 
9 -1 26 -1 143 -1 
9 -1 26 -1 144 -1 
9 -1 26 -1 245 -1 
9 -1 26 -1 246 -1 
9 -1 26 -1 253 -1 
9 -1 26 -1 245 -1 253 -1 
9 -1 26 -1 144 -1 253 -1 
9 -1 26 -1 143 -1 144 -1 
9 -1 26 -1 143 -1 245 -1 
9 -1 26 -1 143 -1 253 -1 
9 -1 26 -1 117 -1 143 -1 
9 -1 26 -1 117 -1 253 -1 
9 -1 26 -1 117 -1 143 -1 253 -1 
9 -1 26 -1 35 -1 253 -1 
9 -1 23 -1 253 -1 
9 -1 22 -1 253 -1 
9 -1 18 -1 117 -1 
9 -1 18 -1 143 -1 
9 -1 18 -1 245 -1 
9 -1 18 -1 253 -1 
9 -1 18 -1 143 -1 253 -1 
9 -1 18 -1 117 -1 143 -1 
9 -1 18 -1 117 -1 253 -1 
9 -1 17 -1 18 -1 
9 -1 17 -1 26 -1 
9 -1 17 -1 35 -1 
9 -1 17 -1 36 -1 
9 -1 17 -1 117 -1 
9 -1 17 -1 143 -1 
9 -1 17 -1 144 -1 
9 -1 17 -1 245 -1 
9 -1 17 -1 246 -1 
9 -1 17 -1 253 -1 
9 -1 17 -1 245 -1 253 -1 
9 -1 17 -1 143 -1 245 -1 
9 -1 17 -1 143 -1 253 -1 
9 -1 17 -1 117 -1 143 -1 
9 -1 17 -1 117 -1 253 -1 
9 -1 17 -1 117 -1 143 -1 253 -1 
9 -1 17 -1 35 -1 143 -1 
9 -1 17 -1 35 -1 253 -1 
9 -1 17 -1 26 -1 253 -1 
9 -1 17 -1 18 -1 253 -1 
9 -1 14 -1 253 -1 
9 -1 13 -1 253 -1 
9 -1 11 -1 253 -1 
9 -1 10 -1 143 -1 
9 -1 10 -1 253 -1 
8 -1 1 -1 
8 -1 6 -1 
8 -1 7 -1 
8 -1 9 -1 
8 -1 10 -1 
8 -1 11 -1 
8 -1 12 -1 
8 -1 13 -1 
8 -1 14 -1 
8 -1 15 -1 
8 -1 16 -1 
8 -1 17 -1 
8 -1 18 -1 
8 -1 19 -1 
8 -1 20 -1 
8 -1 21 -1 
8 -1 22 -1 
8 -1 23 -1 
8 -1 24 -1 
8 -1 25 -1 
8 -1 26 -1 
8 -1 27 -1 
8 -1 28 -1 
8 -1 29 -1 
8 -1 30 -1 
8 -1 31 -1 
8 -1 32 -1 
8 -1 33 -1 
8 -1 34 -1 
8 -1 35 -1 
8 -1 36 -1 
8 -1 37 -1 
8 -1 38 -1 
8 -1 39 -1 
8 -1 40 -1 
8 -1 41 -1 
8 -1 42 -1 
8 -1 43 -1 
8 -1 44 -1 
8 -1 45 -1 
8 -1 46 -1 
8 -1 47 -1 
8 -1 48 -1 
8 -1 53 -1 
8 -1 78 -1 
8 -1 79 -1 
8 -1 110 -1 
8 -1 113 -1 
8 -1 117 -1 
8 -1 118 -1 
8 -1 132 -1 
8 -1 133 -1 
8 -1 139 -1 
8 -1 143 -1 
8 -1 144 -1 
8 -1 149 -1 
8 -1 245 -1 
8 -1 246 -1 
8 -1 253 -1 
8 -1 246 -1 253 -1 
8 -1 245 -1 246 -1 
8 -1 245 -1 253 -1 
8 -1 245 -1 246 -1 253 -1 
8 -1 144 -1 245 -1 
8 -1 144 -1 246 -1 
8 -1 144 -1 253 -1 
8 -1 144 -1 245 -1 253 -1 
8 -1 143 -1 144 -1 
8 -1 143 -1 245 -1 
8 -1 143 -1 246 -1 
8 -1 143 -1 253 -1 
8 -1 143 -1 246 -1 253 -1 
8 -1 143 -1 245 -1 253 -1 
8 -1 143 -1 144 -1 245 -1 
8 -1 143 -1 144 -1 253 -1 
8 -1 143 -1 144 -1 245 -1 253 -1 
8 -1 139 -1 143 -1 
8 -1 139 -1 245 -1 
8 -1 139 -1 253 -1 
8 -1 139 -1 143 -1 253 -1 
8 -1 133 -1 143 -1 
8 -1 133 -1 253 -1 
8 -1 133 -1 143 -1 253 -1 
8 -1 132 -1 143 -1 
8 -1 132 -1 253 -1 
8 -1 118 -1 143 -1 
8 -1 118 -1 144 -1 
8 -1 118 -1 245 -1 
8 -1 118 -1 253 -1 
8 -1 118 -1 245 -1 253 -1 
8 -1 118 -1 144 -1 253 -1 
8 -1 118 -1 143 -1 144 -1 
8 -1 118 -1 143 -1 245 -1 
8 -1 118 -1 143 -1 253 -1 
8 -1 118 -1 143 -1 245 -1 253 -1 
8 -1 118 -1 143 -1 144 -1 253 -1 
8 -1 117 -1 118 -1 
8 -1 117 -1 133 -1 
8 -1 117 -1 139 -1 
8 -1 117 -1 143 -1 
8 -1 117 -1 144 -1 
8 -1 117 -1 245 -1 
8 -1 117 -1 246 -1 
8 -1 117 -1 253 -1 
8 -1 117 -1 246 -1 253 -1 
8 -1 117 -1 245 -1 253 -1 
8 -1 117 -1 144 -1 253 -1 
8 -1 117 -1 143 -1 144 -1 
8 -1 117 -1 143 -1 245 -1 
8 -1 117 -1 143 -1 246 -1 
8 -1 117 -1 143 -1 253 -1 
8 -1 117 -1 143 -1 246 -1 253 -1 
8 -1 117 -1 143 -1 245 -1 253 -1 
8 -1 117 -1 143 -1 144 -1 253 -1 
8 -1 117 -1 139 -1 143 -1 
8 -1 117 -1 133 -1 143 -1 
8 -1 117 -1 118 -1 143 -1 
8 -1 117 -1 118 -1 144 -1 
8 -1 117 -1 118 -1 245 -1 
8 -1 117 -1 118 -1 253 -1 
8 -1 117 -1 118 -1 143 -1 144 -1 
8 -1 117 -1 118 -1 143 -1 253 -1 
8 -1 113 -1 117 -1 
8 -1 113 -1 143 -1 
8 -1 113 -1 253 -1 
8 -1 113 -1 143 -1 253 -1 
8 -1 113 -1 117 -1 143 -1 
8 -1 110 -1 117 -1 
8 -1 110 -1 118 -1 
8 -1 110 -1 139 -1 
8 -1 110 -1 143 -1 
8 -1 110 -1 245 -1 
8 -1 110 -1 253 -1 
8 -1 110 -1 143 -1 245 -1 
8 -1 110 -1 143 -1 253 -1 
8 -1 110 -1 139 -1 143 -1 
8 -1 110 -1 139 -1 253 -1 
8 -1 110 -1 117 -1 139 -1 
8 -1 110 -1 117 -1 143 -1 
8 -1 110 -1 117 -1 253 -1 
8 -1 110 -1 117 -1 143 -1 253 -1 
8 -1 110 -1 117 -1 139 -1 143 -1 
8 -1 79 -1 143 -1 
8 -1 79 -1 253 -1 
8 -1 79 -1 143 -1 253 -1 
8 -1 78 -1 79 -1 
8 -1 78 -1 117 -1 
8 -1 78 -1 143 -1 
8 -1 78 -1 253 -1 
8 -1 78 -1 143 -1 253 -1 
8 -1 53 -1 253 -1 
8 -1 45 -1 253 -1 
8 -1 41 -1 253 -1 
8 -1 37 -1 253 -1 
8 -1 36 -1 117 -1 
8 -1 36 -1 143 -1 
8 -1 36 -1 144 -1 
8 -1 36 -1 245 -1 
8 -1 36 -1 253 -1 
8 -1 36 -1 245 -1 253 -1 
8 -1 36 -1 143 -1 245 -1 
8 -1 36 -1 143 -1 253 -1 
8 -1 36 -1 117 -1 143 -1 
8 -1 36 -1 117 -1 253 -1 
8 -1 36 -1 117 -1 143 -1 253 -1 
8 -1 35 -1 36 -1 
8 -1 35 -1 78 -1 
8 -1 35 -1 110 -1 
8 -1 35 -1 117 -1 
8 -1 35 -1 118 -1 
8 -1 35 -1 143 -1 
8 -1 35 -1 144 -1 
8 -1 35 -1 245 -1 
8 -1 35 -1 246 -1 
8 -1 35 -1 253 -1 
8 -1 35 -1 246 -1 253 -1 
8 -1 35 -1 245 -1 253 -1 
8 -1 35 -1 144 -1 253 -1 
8 -1 35 -1 143 -1 144 -1 
8 -1 35 -1 143 -1 245 -1 
8 -1 35 -1 143 -1 253 -1 
8 -1 35 -1 143 -1 245 -1 253 -1 
8 -1 35 -1 118 -1 143 -1 
8 -1 35 -1 118 -1 253 -1 
8 -1 35 -1 117 -1 143 -1 
8 -1 35 -1 117 -1 245 -1 
8 -1 35 -1 117 -1 253 -1 
8 -1 35 -1 117 -1 143 -1 253 -1 
8 -1 35 -1 36 -1 143 -1 
8 -1 35 -1 36 -1 253 -1 
8 -1 32 -1 253 -1 
8 -1 31 -1 143 -1 
8 -1 31 -1 253 -1 
8 -1 28 -1 143 -1 
8 -1 28 -1 253 -1 
8 -1 28 -1 143 -1 253 -1 
8 -1 27 -1 117 -1 
8 -1 27 -1 143 -1 
8 -1 27 -1 144 -1 
8 -1 27 -1 245 -1 
8 -1 27 -1 253 -1 
8 -1 27 -1 245 -1 253 -1 
8 -1 27 -1 143 -1 253 -1 
8 -1 27 -1 117 -1 143 -1 
8 -1 27 -1 117 -1 253 -1 
8 -1 26 -1 27 -1 
8 -1 26 -1 35 -1 
8 -1 26 -1 36 -1 
8 -1 26 -1 78 -1 
8 -1 26 -1 110 -1 
8 -1 26 -1 117 -1 
8 -1 26 -1 118 -1 
8 -1 26 -1 143 -1 
8 -1 26 -1 144 -1 
8 -1 26 -1 245 -1 
8 -1 26 -1 246 -1 
8 -1 26 -1 253 -1 
8 -1 26 -1 246 -1 253 -1 
8 -1 26 -1 245 -1 253 -1 
8 -1 26 -1 144 -1 253 -1 
8 -1 26 -1 143 -1 144 -1 
8 -1 26 -1 143 -1 245 -1 
8 -1 26 -1 143 -1 246 -1 
8 -1 26 -1 143 -1 253 -1 
8 -1 26 -1 143 -1 245 -1 253 -1 
8 -1 26 -1 143 -1 144 -1 253 -1 
8 -1 26 -1 118 -1 143 -1 
8 -1 26 -1 118 -1 253 -1 
8 -1 26 -1 117 -1 118 -1 
8 -1 26 -1 117 -1 143 -1 
8 -1 26 -1 117 -1 245 -1 
8 -1 26 -1 117 -1 253 -1 
8 -1 26 -1 117 -1 245 -1 253 -1 
8 -1 26 -1 117 -1 143 -1 245 -1 
8 -1 26 -1 117 -1 143 -1 253 -1 
8 -1 26 -1 35 -1 143 -1 
8 -1 26 -1 35 -1 253 -1 
8 -1 26 -1 27 -1 253 -1 
8 -1 23 -1 253 -1 
8 -1 22 -1 143 -1 
8 -1 22 -1 245 -1 
8 -1 22 -1 253 -1 
8 -1 22 -1 143 -1 253 -1 
8 -1 20 -1 253 -1 
8 -1 19 -1 253 -1 
8 -1 18 -1 35 -1 
8 -1 18 -1 117 -1 
8 -1 18 -1 143 -1 
8 -1 18 -1 144 -1 
8 -1 18 -1 245 -1 
8 -1 18 -1 253 -1 
8 -1 18 -1 245 -1 253 -1 
8 -1 18 -1 143 -1 245 -1 
8 -1 18 -1 143 -1 253 -1 
8 -1 18 -1 117 -1 143 -1 
8 -1 18 -1 117 -1 253 -1 
8 -1 18 -1 117 -1 143 -1 253 -1 
8 -1 17 -1 18 -1 
8 -1 17 -1 19 -1 
8 -1 17 -1 22 -1 
8 -1 17 -1 23 -1 
8 -1 17 -1 26 -1 
8 -1 17 -1 27 -1 
8 -1 17 -1 31 -1 
8 -1 17 -1 35 -1 
8 -1 17 -1 36 -1 
8 -1 17 -1 78 -1 
8 -1 17 -1 110 -1 
8 -1 17 -1 113 -1 
8 -1 17 -1 117 -1 
8 -1 17 -1 118 -1 
8 -1 17 -1 133 -1 
8 -1 17 -1 143 -1 
8 -1 17 -1 144 -1 
8 -1 17 -1 245 -1 
8 -1 17 -1 246 -1 
8 -1 17 -1 253 -1 
8 -1 17 -1 246 -1 253 -1 
8 -1 17 -1 245 -1 253 -1 
8 -1 17 -1 144 -1 253 -1 
8 -1 17 -1 143 -1 144 -1 
8 -1 17 -1 143 -1 245 -1 
8 -1 17 -1 143 -1 253 -1 
8 -1 17 -1 143 -1 245 -1 253 -1 
8 -1 17 -1 143 -1 144 -1 253 -1 
8 -1 17 -1 118 -1 143 -1 
8 -1 17 -1 118 -1 253 -1 
8 -1 17 -1 117 -1 118 -1 
8 -1 17 -1 117 -1 143 -1 
8 -1 17 -1 117 -1 245 -1 
8 -1 17 -1 117 -1 253 -1 
8 -1 17 -1 117 -1 245 -1 253 -1 
8 -1 17 -1 117 -1 143 -1 245 -1 
8 -1 17 -1 117 -1 143 -1 253 -1 
8 -1 17 -1 78 -1 253 -1 
8 -1 17 -1 36 -1 253 -1 
8 -1 17 -1 35 -1 117 -1 
8 -1 17 -1 35 -1 143 -1 
8 -1 17 -1 35 -1 245 -1 
8 -1 17 -1 35 -1 253 -1 
8 -1 17 -1 35 -1 143 -1 253 -1 
8 -1 17 -1 35 -1 117 -1 143 -1 
8 -1 17 -1 35 -1 117 -1 253 -1 
8 -1 17 -1 26 -1 117 -1 
8 -1 17 -1 26 -1 143 -1 
8 -1 17 -1 26 -1 245 -1 
8 -1 17 -1 26 -1 253 -1 
8 -1 17 -1 26 -1 143 -1 253 -1 
8 -1 17 -1 26 -1 117 -1 143 -1 
8 -1 17 -1 26 -1 117 -1 253 -1 
8 -1 17 -1 22 -1 253 -1 
8 -1 17 -1 18 -1 143 -1 
8 -1 17 -1 18 -1 253 -1 
8 -1 17 -1 18 -1 143 -1 253 -1 
8 -1 15 -1 253 -1 
8 -1 14 -1 253 -1 
8 -1 13 -1 143 -1 
8 -1 13 -1 245 -1 
8 -1 13 -1 253 -1 
8 -1 13 -1 143 -1 253 -1 
8 -1 11 -1 143 -1 
8 -1 11 -1 245 -1 
8 -1 11 -1 253 -1 
8 -1 10 -1 35 -1 
8 -1 10 -1 117 -1 
8 -1 10 -1 143 -1 
8 -1 10 -1 245 -1 
8 -1 10 -1 253 -1 
8 -1 10 -1 245 -1 253 -1 
8 -1 10 -1 143 -1 253 -1 
8 -1 10 -1 117 -1 143 -1 
8 -1 10 -1 117 -1 253 -1 
8 -1 9 -1 10 -1 
8 -1 9 -1 11 -1 
8 -1 9 -1 13 -1 
8 -1 9 -1 14 -1 
8 -1 9 -1 17 -1 
8 -1 9 -1 18 -1 
8 -1 9 -1 20 -1 
8 -1 9 -1 22 -1 
8 -1 9 -1 23 -1 
8 -1 9 -1 26 -1 
8 -1 9 -1 27 -1 
8 -1 9 -1 28 -1 
8 -1 9 -1 31 -1 
8 -1 9 -1 35 -1 
8 -1 9 -1 36 -1 
8 -1 9 -1 78 -1 
8 -1 9 -1 110 -1 
8 -1 9 -1 113 -1 
8 -1 9 -1 117 -1 
8 -1 9 -1 118 -1 
8 -1 9 -1 133 -1 
8 -1 9 -1 143 -1 
8 -1 9 -1 144 -1 
8 -1 9 -1 245 -1 
8 -1 9 -1 246 -1 
8 -1 9 -1 253 -1 
8 -1 9 -1 246 -1 253 -1 
8 -1 9 -1 245 -1 253 -1 
8 -1 9 -1 144 -1 253 -1 
8 -1 9 -1 143 -1 144 -1 
8 -1 9 -1 143 -1 245 -1 
8 -1 9 -1 143 -1 246 -1 
8 -1 9 -1 143 -1 253 -1 
8 -1 9 -1 143 -1 246 -1 253 -1 
8 -1 9 -1 143 -1 245 -1 253 -1 
8 -1 9 -1 143 -1 144 -1 253 -1 
8 -1 9 -1 118 -1 143 -1 
8 -1 9 -1 118 -1 245 -1 
8 -1 9 -1 118 -1 253 -1 
8 -1 9 -1 118 -1 143 -1 253 -1 
8 -1 9 -1 117 -1 118 -1 
8 -1 9 -1 117 -1 143 -1 
8 -1 9 -1 117 -1 144 -1 
8 -1 9 -1 117 -1 245 -1 
8 -1 9 -1 117 -1 253 -1 
8 -1 9 -1 117 -1 245 -1 253 -1 
8 -1 9 -1 117 -1 143 -1 245 -1 
8 -1 9 -1 117 -1 143 -1 253 -1 
8 -1 9 -1 117 -1 118 -1 143 -1 
8 -1 9 -1 117 -1 118 -1 253 -1 
8 -1 9 -1 78 -1 253 -1 
8 -1 9 -1 36 -1 143 -1 
8 -1 9 -1 36 -1 253 -1 
8 -1 9 -1 36 -1 143 -1 253 -1 
8 -1 9 -1 35 -1 117 -1 
8 -1 9 -1 35 -1 143 -1 
8 -1 9 -1 35 -1 253 -1 
8 -1 9 -1 35 -1 143 -1 253 -1 
8 -1 9 -1 35 -1 117 -1 253 -1 
8 -1 9 -1 27 -1 253 -1 
8 -1 9 -1 26 -1 117 -1 
8 -1 9 -1 26 -1 143 -1 
8 -1 9 -1 26 -1 245 -1 
8 -1 9 -1 26 -1 253 -1 
8 -1 9 -1 26 -1 143 -1 253 -1 
8 -1 9 -1 26 -1 117 -1 143 -1 
8 -1 9 -1 26 -1 117 -1 253 -1 
8 -1 9 -1 22 -1 253 -1 
8 -1 9 -1 18 -1 143 -1 
8 -1 9 -1 18 -1 253 -1 
8 -1 9 -1 18 -1 143 -1 253 -1 
8 -1 9 -1 17 -1 18 -1 
8 -1 9 -1 17 -1 26 -1 
8 -1 9 -1 17 -1 35 -1 
8 -1 9 -1 17 -1 117 -1 
8 -1 9 -1 17 -1 143 -1 
8 -1 9 -1 17 -1 245 -1 
8 -1 9 -1 17 -1 253 -1 
8 -1 9 -1 17 -1 245 -1 253 -1 
8 -1 9 -1 17 -1 143 -1 253 -1 
8 -1 9 -1 17 -1 117 -1 143 -1 
8 -1 9 -1 17 -1 117 -1 253 -1 
8 -1 9 -1 11 -1 253 -1 
8 -1 9 -1 10 -1 253 -1 
8 -1 1 -1 143 -1 
8 -1 1 -1 253 -1 
8 -1 1 -1 143 -1 253 -1 
7 -1 143 -1 
7 -1 253 -1 
6 -1 253 -1 
5 -1 143 -1 
5 -1 245 -1 
5 -1 253 -1 
5 -1 143 -1 253 -1 
4 -1 117 -1 
4 -1 143 -1 
4 -1 144 -1 
4 -1 245 -1 
4 -1 253 -1 
4 -1 245 -1 253 -1 
4 -1 143 -1 253 -1 
4 -1 117 -1 253 -1 
2 -1 8 -1 
2 -1 9 -1 
2 -1 17 -1 
2 -1 26 -1 
2 -1 35 -1 
2 -1 117 -1 
2 -1 143 -1 
2 -1 245 -1 
2 -1 253 -1 
2 -1 245 -1 253 -1 
2 -1 143 -1 245 -1 
2 -1 143 -1 253 -1 
1 -1 6 -1 
1 -1 7 -1 
1 -1 8 -1 
1 -1 9 -1 
1 -1 10 -1 
1 -1 11 -1 
1 -1 12 -1 
1 -1 13 -1 
1 -1 14 -1 
1 -1 15 -1 
1 -1 16 -1 
1 -1 17 -1 
1 -1 18 -1 
1 -1 19 -1 
1 -1 20 -1 
1 -1 21 -1 
1 -1 22 -1 
1 -1 23 -1 
1 -1 24 -1 
1 -1 25 -1 
1 -1 26 -1 
1 -1 27 -1 
1 -1 28 -1 
1 -1 29 -1 
1 -1 30 -1 
1 -1 31 -1 
1 -1 32 -1 
1 -1 33 -1 
1 -1 34 -1 
1 -1 35 -1 
1 -1 36 -1 
1 -1 37 -1 
1 -1 38 -1 
1 -1 39 -1 
1 -1 40 -1 
1 -1 41 -1 
1 -1 42 -1 
1 -1 43 -1 
1 -1 44 -1 
1 -1 45 -1 
1 -1 46 -1 
1 -1 47 -1 
1 -1 48 -1 
1 -1 53 -1 
1 -1 78 -1 
1 -1 79 -1 
1 -1 110 -1 
1 -1 113 -1 
1 -1 117 -1 
1 -1 118 -1 
1 -1 132 -1 
1 -1 133 -1 
1 -1 139 -1 
1 -1 143 -1 
1 -1 144 -1 
1 -1 149 -1 
1 -1 245 -1 
1 -1 246 -1 
1 -1 253 -1 
1 -1 246 -1 253 -1 
1 -1 245 -1 246 -1 
1 -1 245 -1 253 -1 
1 -1 245 -1 246 -1 253 -1 
1 -1 144 -1 245 -1 
1 -1 144 -1 246 -1 
1 -1 144 -1 253 -1 
1 -1 144 -1 245 -1 253 -1 
1 -1 143 -1 144 -1 
1 -1 143 -1 149 -1 
1 -1 143 -1 245 -1 
1 -1 143 -1 246 -1 
1 -1 143 -1 253 -1 
1 -1 143 -1 246 -1 253 -1 
1 -1 143 -1 245 -1 253 -1 
1 -1 143 -1 144 -1 245 -1 
1 -1 143 -1 144 -1 253 -1 
1 -1 143 -1 144 -1 245 -1 253 -1 
1 -1 139 -1 143 -1 
1 -1 139 -1 144 -1 
1 -1 139 -1 245 -1 
1 -1 139 -1 253 -1 
1 -1 139 -1 245 -1 253 -1 
1 -1 139 -1 143 -1 144 -1 
1 -1 139 -1 143 -1 245 -1 
1 -1 139 -1 143 -1 253 -1 
1 -1 133 -1 143 -1 
1 -1 133 -1 245 -1 
1 -1 133 -1 253 -1 
1 -1 133 -1 143 -1 253 -1 
1 -1 132 -1 143 -1 
1 -1 132 -1 245 -1 
1 -1 132 -1 253 -1 
1 -1 132 -1 143 -1 253 -1 
1 -1 118 -1 139 -1 
1 -1 118 -1 143 -1 
1 -1 118 -1 144 -1 
1 -1 118 -1 245 -1 
1 -1 118 -1 246 -1 
1 -1 118 -1 253 -1 
1 -1 118 -1 245 -1 253 -1 
1 -1 118 -1 144 -1 245 -1 
1 -1 118 -1 144 -1 253 -1 
1 -1 118 -1 143 -1 144 -1 
1 -1 118 -1 143 -1 245 -1 
1 -1 118 -1 143 -1 253 -1 
1 -1 118 -1 143 -1 245 -1 253 -1 
1 -1 118 -1 143 -1 144 -1 245 -1 
1 -1 118 -1 143 -1 144 -1 253 -1 
1 -1 118 -1 139 -1 143 -1 
1 -1 118 -1 139 -1 253 -1 
1 -1 117 -1 118 -1 
1 -1 117 -1 133 -1 
1 -1 117 -1 139 -1 
1 -1 117 -1 143 -1 
1 -1 117 -1 144 -1 
1 -1 117 -1 245 -1 
1 -1 117 -1 246 -1 
1 -1 117 -1 253 -1 
1 -1 117 -1 246 -1 253 -1 
1 -1 117 -1 245 -1 253 -1 
1 -1 117 -1 144 -1 253 -1 
1 -1 117 -1 143 -1 144 -1 
1 -1 117 -1 143 -1 245 -1 
1 -1 117 -1 143 -1 253 -1 
1 -1 117 -1 143 -1 245 -1 253 -1 
1 -1 117 -1 143 -1 144 -1 253 -1 
1 -1 117 -1 139 -1 143 -1 
1 -1 117 -1 118 -1 143 -1 
1 -1 117 -1 118 -1 245 -1 
1 -1 117 -1 118 -1 253 -1 
1 -1 117 -1 118 -1 143 -1 253 -1 
1 -1 113 -1 117 -1 
1 -1 113 -1 143 -1 
1 -1 113 -1 253 -1 
1 -1 110 -1 117 -1 
1 -1 110 -1 118 -1 
1 -1 110 -1 139 -1 
1 -1 110 -1 143 -1 
1 -1 110 -1 245 -1 
1 -1 110 -1 253 -1 
1 -1 110 -1 143 -1 253 -1 
1 -1 110 -1 139 -1 143 -1 
1 -1 110 -1 117 -1 143 -1 
1 -1 110 -1 117 -1 253 -1 
1 -1 79 -1 253 -1 
1 -1 78 -1 143 -1 
1 -1 78 -1 253 -1 
1 -1 78 -1 143 -1 253 -1 
1 -1 53 -1 253 -1 
1 -1 41 -1 253 -1 
1 -1 36 -1 117 -1 
1 -1 36 -1 143 -1 
1 -1 36 -1 245 -1 
1 -1 36 -1 253 -1 
1 -1 36 -1 245 -1 253 -1 
1 -1 36 -1 143 -1 245 -1 
1 -1 36 -1 143 -1 253 -1 
1 -1 36 -1 117 -1 143 -1 
1 -1 36 -1 117 -1 253 -1 
1 -1 35 -1 36 -1 
1 -1 35 -1 117 -1 
1 -1 35 -1 118 -1 
1 -1 35 -1 143 -1 
1 -1 35 -1 144 -1 
1 -1 35 -1 245 -1 
1 -1 35 -1 246 -1 
1 -1 35 -1 253 -1 
1 -1 35 -1 245 -1 253 -1 
1 -1 35 -1 143 -1 245 -1 
1 -1 35 -1 143 -1 253 -1 
1 -1 35 -1 117 -1 143 -1 
1 -1 35 -1 117 -1 253 -1 
1 -1 35 -1 117 -1 143 -1 253 -1 
1 -1 35 -1 36 -1 143 -1 
1 -1 35 -1 36 -1 253 -1 
1 -1 31 -1 253 -1 
1 -1 28 -1 143 -1 
1 -1 28 -1 253 -1 
1 -1 27 -1 117 -1 
1 -1 27 -1 143 -1 
1 -1 27 -1 144 -1 
1 -1 27 -1 245 -1 
1 -1 27 -1 253 -1 
1 -1 27 -1 245 -1 253 -1 
1 -1 27 -1 143 -1 253 -1 
1 -1 27 -1 117 -1 143 -1 
1 -1 27 -1 117 -1 253 -1 
1 -1 26 -1 27 -1 
1 -1 26 -1 35 -1 
1 -1 26 -1 117 -1 
1 -1 26 -1 143 -1 
1 -1 26 -1 144 -1 
1 -1 26 -1 245 -1 
1 -1 26 -1 253 -1 
1 -1 26 -1 245 -1 253 -1 
1 -1 26 -1 143 -1 245 -1 
1 -1 26 -1 143 -1 253 -1 
1 -1 26 -1 117 -1 143 -1 
1 -1 26 -1 117 -1 253 -1 
1 -1 26 -1 117 -1 143 -1 253 -1 
1 -1 23 -1 253 -1 
1 -1 22 -1 143 -1 
1 -1 22 -1 253 -1 
1 -1 20 -1 253 -1 
1 -1 19 -1 253 -1 
1 -1 18 -1 117 -1 
1 -1 18 -1 143 -1 
1 -1 18 -1 245 -1 
1 -1 18 -1 253 -1 
1 -1 18 -1 143 -1 253 -1 
1 -1 18 -1 117 -1 143 -1 
1 -1 18 -1 117 -1 253 -1 
1 -1 17 -1 18 -1 
1 -1 17 -1 26 -1 
1 -1 17 -1 35 -1 
1 -1 17 -1 117 -1 
1 -1 17 -1 143 -1 
1 -1 17 -1 245 -1 
1 -1 17 -1 253 -1 
1 -1 17 -1 245 -1 253 -1 
1 -1 17 -1 143 -1 253 -1 
1 -1 17 -1 117 -1 143 -1 
1 -1 17 -1 117 -1 253 -1 
1 -1 15 -1 253 -1 
1 -1 14 -1 253 -1 
1 -1 13 -1 253 -1 
1 -1 11 -1 253 -1 
1 -1 10 -1 143 -1 
1 -1 10 -1 245 -1 
1 -1 10 -1 253 -1 
1 -1 9 -1 17 -1 
1 -1 9 -1 18 -1 
1 -1 9 -1 26 -1 
1 -1 9 -1 35 -1 
1 -1 9 -1 117 -1 
1 -1 9 -1 143 -1 
1 -1 9 -1 144 -1 
1 -1 9 -1 245 -1 
1 -1 9 -1 253 -1 
1 -1 9 -1 245 -1 253 -1 
1 -1 9 -1 143 -1 245 -1 
1 -1 9 -1 143 -1 253 -1 
1 -1 9 -1 117 -1 143 -1 
1 -1 9 -1 117 -1 253 -1 
1 -1 9 -1 117 -1 143 -1 253 -1 
1 -1 8 -1 143 -1 
1 -1 8 -1 245 -1 
1 -1 8 -1 253 -1 
1 -1 7 -1 253 -1 
